mode: set
github.com/rbelligit/go_evt_simul/evtmanager/conditions.go:6.56,10.27 2 1
github.com/rbelligit/go_evt_simul/evtmanager/conditions.go:10.27,11.18 1 1
github.com/rbelligit/go_evt_simul/evtmanager/conditions.go:11.18,14.4 2 0
github.com/rbelligit/go_evt_simul/evtmanager/conditions.go:18.2,18.31 1 1
github.com/rbelligit/go_evt_simul/evtmanager/conditions.go:18.31,19.28 1 1
github.com/rbelligit/go_evt_simul/evtmanager/conditions.go:19.28,20.20 1 1
github.com/rbelligit/go_evt_simul/evtmanager/conditions.go:20.20,22.5 1 1
github.com/rbelligit/go_evt_simul/evtmanager/conditions.go:27.2,27.27 1 1
github.com/rbelligit/go_evt_simul/evtmanager/conditions.go:27.27,29.24 1 1
github.com/rbelligit/go_evt_simul/evtmanager/conditions.go:29.24,31.28 1 1
github.com/rbelligit/go_evt_simul/evtmanager/conditions.go:31.28,35.41 2 1
github.com/rbelligit/go_evt_simul/evtmanager/conditions.go:35.41,37.6 1 1
github.com/rbelligit/go_evt_simul/evtmanager/conditions.go:38.5,41.44 2 1
github.com/rbelligit/go_evt_simul/evtmanager/conditions.go:41.44,43.6 1 1
github.com/rbelligit/go_evt_simul/evtmanager/conditions.go:44.5,44.30 1 1
github.com/rbelligit/go_evt_simul/evtmanager/conditions.go:49.2,49.18 1 1
github.com/rbelligit/go_evt_simul/evtmanager/conditions.go:53.56,56.21 2 1
github.com/rbelligit/go_evt_simul/evtmanager/conditions.go:56.21,57.26 1 1
github.com/rbelligit/go_evt_simul/evtmanager/conditions.go:57.26,59.4 1 0
github.com/rbelligit/go_evt_simul/evtmanager/conditions.go:60.3,60.28 1 1
github.com/rbelligit/go_evt_simul/evtmanager/conditions.go:60.28,61.20 1 1
github.com/rbelligit/go_evt_simul/evtmanager/conditions.go:61.20,63.5 1 1
github.com/rbelligit/go_evt_simul/evtmanager/conditions.go:67.3,68.39 2 1
github.com/rbelligit/go_evt_simul/evtmanager/conditions.go:68.39,70.4 1 1
github.com/rbelligit/go_evt_simul/evtmanager/conditions.go:71.3,74.42 2 1
github.com/rbelligit/go_evt_simul/evtmanager/conditions.go:74.42,76.4 1 0
github.com/rbelligit/go_evt_simul/evtmanager/conditions.go:77.3,77.28 1 1
github.com/rbelligit/go_evt_simul/evtmanager/conditions.go:81.2,82.25 2 1
github.com/rbelligit/go_evt_simul/evtmanager/conditions.go:82.25,84.3 1 0
github.com/rbelligit/go_evt_simul/evtmanager/conditions.go:87.2,87.27 1 1
github.com/rbelligit/go_evt_simul/evtmanager/conditions.go:87.27,88.19 1 1
github.com/rbelligit/go_evt_simul/evtmanager/conditions.go:88.19,90.4 1 1
github.com/rbelligit/go_evt_simul/evtmanager/conditions.go:93.2,93.18 1 1
github.com/rbelligit/go_evt_simul/evtmanager/conditions.go:98.61,102.29 3 1
github.com/rbelligit/go_evt_simul/evtmanager/conditions.go:102.29,104.3 1 1
github.com/rbelligit/go_evt_simul/evtmanager/conditions.go:107.2,107.45 1 1
github.com/rbelligit/go_evt_simul/evtmanager/conditions.go:107.45,109.16 2 1
github.com/rbelligit/go_evt_simul/evtmanager/conditions.go:109.16,111.4 1 1
github.com/rbelligit/go_evt_simul/evtmanager/conditions.go:114.2,114.10 1 1
github.com/rbelligit/go_evt_simul/evtmanager/conditions_helpers.go:7.65,9.2 1 1
github.com/rbelligit/go_evt_simul/evtmanager/conditions_helpers.go:13.89,17.31 3 1
github.com/rbelligit/go_evt_simul/evtmanager/conditions_helpers.go:17.31,19.3 1 1
github.com/rbelligit/go_evt_simul/evtmanager/conditions_helpers.go:21.2,21.45 1 1
github.com/rbelligit/go_evt_simul/evtmanager/conditions_helpers.go:21.45,26.16 2 1
github.com/rbelligit/go_evt_simul/evtmanager/conditions_helpers.go:26.16,28.4 1 1
github.com/rbelligit/go_evt_simul/evtmanager/conditions_helpers.go:28.9,33.4 1 0
github.com/rbelligit/go_evt_simul/evtmanager/conditions_helpers.go:36.2,36.12 1 1
github.com/rbelligit/go_evt_simul/evtmanager/conditions_helpers.go:40.89,44.31 3 1
github.com/rbelligit/go_evt_simul/evtmanager/conditions_helpers.go:44.31,46.3 1 1
github.com/rbelligit/go_evt_simul/evtmanager/conditions_helpers.go:48.2,48.45 1 1
github.com/rbelligit/go_evt_simul/evtmanager/conditions_helpers.go:48.45,50.16 2 1
github.com/rbelligit/go_evt_simul/evtmanager/conditions_helpers.go:50.16,52.4 1 0
github.com/rbelligit/go_evt_simul/evtmanager/conditions_helpers.go:52.9,55.4 1 0
github.com/rbelligit/go_evt_simul/evtmanager/conditions_helpers.go:58.2,58.12 1 1
github.com/rbelligit/go_evt_simul/evtmanager/conditions_helpers.go:62.91,66.31 3 1
github.com/rbelligit/go_evt_simul/evtmanager/conditions_helpers.go:66.31,68.3 1 0
github.com/rbelligit/go_evt_simul/evtmanager/conditions_helpers.go:70.2,70.45 1 1
github.com/rbelligit/go_evt_simul/evtmanager/conditions_helpers.go:70.45,77.16 4 1
github.com/rbelligit/go_evt_simul/evtmanager/conditions_helpers.go:77.16,79.4 1 1
github.com/rbelligit/go_evt_simul/evtmanager/conditions_helpers.go:79.9,82.4 1 0
github.com/rbelligit/go_evt_simul/evtmanager/conditions_helpers.go:85.2,85.12 1 1
github.com/rbelligit/go_evt_simul/evtmanager/conditions_helpers.go:89.86,92.31 3 1
github.com/rbelligit/go_evt_simul/evtmanager/conditions_helpers.go:92.31,92.50 1 0
github.com/rbelligit/go_evt_simul/evtmanager/conditions_helpers.go:94.2,94.45 1 1
github.com/rbelligit/go_evt_simul/evtmanager/conditions_helpers.go:94.45,96.16 2 1
github.com/rbelligit/go_evt_simul/evtmanager/conditions_helpers.go:96.16,98.4 1 1
github.com/rbelligit/go_evt_simul/evtmanager/conditions_helpers.go:98.9,101.4 1 0
github.com/rbelligit/go_evt_simul/evtmanager/conditions_helpers.go:104.2,104.12 1 1
github.com/rbelligit/go_evt_simul/evtmanager/conditions_helpers.go:108.83,111.31 3 1
github.com/rbelligit/go_evt_simul/evtmanager/conditions_helpers.go:111.31,111.50 1 0
github.com/rbelligit/go_evt_simul/evtmanager/conditions_helpers.go:113.2,113.45 1 1
github.com/rbelligit/go_evt_simul/evtmanager/conditions_helpers.go:113.45,115.16 2 1
github.com/rbelligit/go_evt_simul/evtmanager/conditions_helpers.go:115.16,117.4 1 1
github.com/rbelligit/go_evt_simul/evtmanager/conditions_helpers.go:117.9,121.4 2 0
github.com/rbelligit/go_evt_simul/evtmanager/conditions_helpers.go:124.2,124.12 1 1
github.com/rbelligit/go_evt_simul/evtmanager/conditions_helpers.go:128.119,131.31 3 1
github.com/rbelligit/go_evt_simul/evtmanager/conditions_helpers.go:131.31,131.50 1 0
github.com/rbelligit/go_evt_simul/evtmanager/conditions_helpers.go:133.2,133.45 1 1
github.com/rbelligit/go_evt_simul/evtmanager/conditions_helpers.go:133.45,135.16 2 1
github.com/rbelligit/go_evt_simul/evtmanager/conditions_helpers.go:135.16,137.4 1 1
github.com/rbelligit/go_evt_simul/evtmanager/conditions_helpers.go:137.9,140.4 1 0
github.com/rbelligit/go_evt_simul/evtmanager/conditions_helpers.go:143.2,143.12 1 1
github.com/rbelligit/go_evt_simul/evtmanager/conditions_helpers.go:147.95,150.31 3 1
github.com/rbelligit/go_evt_simul/evtmanager/conditions_helpers.go:150.31,150.50 1 1
github.com/rbelligit/go_evt_simul/evtmanager/conditions_helpers.go:152.2,152.45 1 1
github.com/rbelligit/go_evt_simul/evtmanager/conditions_helpers.go:152.45,154.16 2 1
github.com/rbelligit/go_evt_simul/evtmanager/conditions_helpers.go:154.16,156.4 1 1
github.com/rbelligit/go_evt_simul/evtmanager/conditions_helpers.go:156.9,160.4 2 0
github.com/rbelligit/go_evt_simul/evtmanager/conditions_helpers.go:163.2,163.12 1 1
github.com/rbelligit/go_evt_simul/evtmanager/container.go:17.38,17.55 1 1
github.com/rbelligit/go_evt_simul/evtmanager/container.go:19.48,20.36 1 1
github.com/rbelligit/go_evt_simul/evtmanager/container.go:20.36,22.3 1 1
github.com/rbelligit/go_evt_simul/evtmanager/container.go:23.2,23.38 1 0
github.com/rbelligit/go_evt_simul/evtmanager/container.go:26.43,30.2 3 1
github.com/rbelligit/go_evt_simul/evtmanager/container.go:32.41,36.2 3 1
github.com/rbelligit/go_evt_simul/evtmanager/container.go:38.39,46.2 7 1
github.com/rbelligit/go_evt_simul/evtmanager/container.go:61.99,74.2 4 1
github.com/rbelligit/go_evt_simul/evtmanager/container.go:77.35,78.26 1 1
github.com/rbelligit/go_evt_simul/evtmanager/container.go:78.26,80.30 2 1
github.com/rbelligit/go_evt_simul/evtmanager/container.go:80.30,85.4 3 1
github.com/rbelligit/go_evt_simul/evtmanager/container.go:85.9,87.9 1 0
github.com/rbelligit/go_evt_simul/evtmanager/container.go:93.35,94.26 1 1
github.com/rbelligit/go_evt_simul/evtmanager/container.go:94.26,97.32 3 1
github.com/rbelligit/go_evt_simul/evtmanager/container.go:97.32,102.4 3 1
github.com/rbelligit/go_evt_simul/evtmanager/container.go:102.9,103.9 1 0
github.com/rbelligit/go_evt_simul/evtmanager/container.go:110.59,111.47 1 1
github.com/rbelligit/go_evt_simul/evtmanager/container.go:111.47,112.18 1 1
github.com/rbelligit/go_evt_simul/evtmanager/container.go:112.18,115.4 2 0
github.com/rbelligit/go_evt_simul/evtmanager/container.go:117.3,120.50 2 1
github.com/rbelligit/go_evt_simul/evtmanager/container.go:120.50,125.4 4 1
github.com/rbelligit/go_evt_simul/evtmanager/container.go:128.3,136.30 4 1
github.com/rbelligit/go_evt_simul/evtmanager/container.go:142.59,143.47 1 1
github.com/rbelligit/go_evt_simul/evtmanager/container.go:143.47,144.18 1 1
github.com/rbelligit/go_evt_simul/evtmanager/container.go:144.18,147.4 2 0
github.com/rbelligit/go_evt_simul/evtmanager/container.go:150.3,150.48 1 1
github.com/rbelligit/go_evt_simul/evtmanager/container.go:150.48,155.4 4 1
github.com/rbelligit/go_evt_simul/evtmanager/container.go:158.3,166.30 4 1
github.com/rbelligit/go_evt_simul/evtmanager/container.go:171.37,173.2 1 1
github.com/rbelligit/go_evt_simul/evtmanager/event.go:17.54,25.2 1 1
github.com/rbelligit/go_evt_simul/evtmanager/event.go:27.26,28.31 1 1
github.com/rbelligit/go_evt_simul/evtmanager/event.go:28.31,30.3 1 0
github.com/rbelligit/go_evt_simul/evtmanager/event.go:31.2,33.29 2 1
github.com/rbelligit/go_evt_simul/evtmanager/event.go:33.29,35.3 1 1
github.com/rbelligit/go_evt_simul/evtmanager/event.go:36.2,40.40 3 1
github.com/rbelligit/go_evt_simul/evtmanager/event.go:40.40,42.3 1 1
github.com/rbelligit/go_evt_simul/evtmanager/event.go:43.2,43.17 1 1
github.com/rbelligit/go_evt_simul/evtmanager/event.go:47.46,48.16 1 1
github.com/rbelligit/go_evt_simul/evtmanager/event.go:48.16,48.26 1 0
github.com/rbelligit/go_evt_simul/evtmanager/event.go:49.2,49.33 1 1
github.com/rbelligit/go_evt_simul/evtmanager/event.go:53.40,55.2 1 1
github.com/rbelligit/go_evt_simul/evtmanager/event.go:59.32,60.47 1 1
github.com/rbelligit/go_evt_simul/evtmanager/event.go:60.47,61.18 1 1
github.com/rbelligit/go_evt_simul/evtmanager/event.go:61.18,65.4 2 1
github.com/rbelligit/go_evt_simul/evtmanager/event.go:68.3,69.38 2 1
github.com/rbelligit/go_evt_simul/evtmanager/event.go:74.35,75.47 1 1
github.com/rbelligit/go_evt_simul/evtmanager/event.go:75.47,76.32 1 1
github.com/rbelligit/go_evt_simul/evtmanager/event.go:76.32,80.4 2 1
github.com/rbelligit/go_evt_simul/evtmanager/event.go:82.3,85.41 2 1
github.com/rbelligit/go_evt_simul/evtmanager/event.go:85.41,87.4 1 1
github.com/rbelligit/go_evt_simul/evtmanager/event.go:90.3,93.34 2 1
github.com/rbelligit/go_evt_simul/evtmanager/event.go:93.34,95.4 1 1
github.com/rbelligit/go_evt_simul/evtmanager/event.go:96.3,99.19 2 1
github.com/rbelligit/go_evt_simul/evtmanager/event.go:104.36,106.2 1 1
github.com/rbelligit/go_evt_simul/evtmanager/evt_queue.go:24.36,36.2 3 1
github.com/rbelligit/go_evt_simul/evtmanager/evt_queue.go:38.43,41.2 2 1
github.com/rbelligit/go_evt_simul/evtmanager/evt_queue.go:43.46,47.2 2 1
github.com/rbelligit/go_evt_simul/evtmanager/evt_queue.go:49.68,62.18 4 1
github.com/rbelligit/go_evt_simul/evtmanager/evt_queue.go:62.18,64.3 1 1
github.com/rbelligit/go_evt_simul/evtmanager/evt_queue.go:65.2,67.12 2 1
github.com/rbelligit/go_evt_simul/evtmanager/evt_queue.go:70.63,76.42 4 1
github.com/rbelligit/go_evt_simul/evtmanager/evt_queue.go:76.42,80.32 2 1
github.com/rbelligit/go_evt_simul/evtmanager/evt_queue.go:80.32,82.9 2 1
github.com/rbelligit/go_evt_simul/evtmanager/evt_queue.go:85.3,85.28 1 1
github.com/rbelligit/go_evt_simul/evtmanager/evt_queue.go:85.28,87.4 1 1
github.com/rbelligit/go_evt_simul/evtmanager/evt_queue.go:89.3,93.10 4 1
github.com/rbelligit/go_evt_simul/evtmanager/evt_queue.go:93.10,94.22 1 1
github.com/rbelligit/go_evt_simul/evtmanager/evt_queue.go:94.22,96.5 1 1
github.com/rbelligit/go_evt_simul/evtmanager/evt_queue.go:104.2,105.12 2 1
github.com/rbelligit/go_evt_simul/evtmanager/evt_queue.go:108.42,111.2 2 0
github.com/rbelligit/go_evt_simul/evtmanager/evt_queue.go:113.48,115.2 1 1
github.com/rbelligit/go_evt_simul/evtmanager/evt_queue.go:117.57,118.43 1 1
github.com/rbelligit/go_evt_simul/evtmanager/evt_queue.go:118.43,124.3 4 1
github.com/rbelligit/go_evt_simul/evtmanager/filter_store.go:19.43,19.60 1 1
github.com/rbelligit/go_evt_simul/evtmanager/filter_store.go:20.53,21.36 1 1
github.com/rbelligit/go_evt_simul/evtmanager/filter_store.go:21.36,23.3 1 1
github.com/rbelligit/go_evt_simul/evtmanager/filter_store.go:24.2,24.38 1 0
github.com/rbelligit/go_evt_simul/evtmanager/filter_store.go:26.48,30.2 3 1
github.com/rbelligit/go_evt_simul/evtmanager/filter_store.go:31.46,35.2 3 1
github.com/rbelligit/go_evt_simul/evtmanager/filter_store.go:36.44,44.2 7 1
github.com/rbelligit/go_evt_simul/evtmanager/filter_store.go:57.91,70.2 4 1
github.com/rbelligit/go_evt_simul/evtmanager/filter_store.go:73.56,74.47 1 1
github.com/rbelligit/go_evt_simul/evtmanager/filter_store.go:74.47,76.40 1 1
github.com/rbelligit/go_evt_simul/evtmanager/filter_store.go:76.40,79.45 2 1
github.com/rbelligit/go_evt_simul/evtmanager/filter_store.go:79.45,87.5 5 1
github.com/rbelligit/go_evt_simul/evtmanager/filter_store.go:91.3,91.39 1 1
github.com/rbelligit/go_evt_simul/evtmanager/filter_store.go:91.39,95.4 3 1
github.com/rbelligit/go_evt_simul/evtmanager/filter_store.go:98.3,106.30 4 1
github.com/rbelligit/go_evt_simul/evtmanager/filter_store.go:111.80,112.47 1 1
github.com/rbelligit/go_evt_simul/evtmanager/filter_store.go:112.47,114.32 1 1
github.com/rbelligit/go_evt_simul/evtmanager/filter_store.go:114.32,115.37 1 1
github.com/rbelligit/go_evt_simul/evtmanager/filter_store.go:115.37,122.28 3 1
github.com/rbelligit/go_evt_simul/evtmanager/filter_store.go:122.28,126.6 3 1
github.com/rbelligit/go_evt_simul/evtmanager/filter_store.go:128.5,129.11 2 1
github.com/rbelligit/go_evt_simul/evtmanager/filter_store.go:134.3,143.30 4 1
github.com/rbelligit/go_evt_simul/evtmanager/priority.go:5.35,5.53 1 1
github.com/rbelligit/go_evt_simul/evtmanager/priority.go:8.45,10.36 1 1
github.com/rbelligit/go_evt_simul/evtmanager/priority.go:10.36,12.3 1 1
github.com/rbelligit/go_evt_simul/evtmanager/priority.go:13.2,13.38 1 1
github.com/rbelligit/go_evt_simul/evtmanager/priority.go:16.40,20.2 3 1
github.com/rbelligit/go_evt_simul/evtmanager/priority.go:23.38,28.2 4 1
github.com/rbelligit/go_evt_simul/evtmanager/priority.go:30.36,38.2 7 1
github.com/rbelligit/go_evt_simul/evtmanager/priority.go:41.41,42.18 1 0
github.com/rbelligit/go_evt_simul/evtmanager/priority.go:42.18,44.3 1 0
github.com/rbelligit/go_evt_simul/evtmanager/priority.go:45.2,45.14 1 0
github.com/rbelligit/go_evt_simul/evtmanager/qos_store.go:19.40,19.57 1 1
github.com/rbelligit/go_evt_simul/evtmanager/qos_store.go:20.50,21.36 1 0
github.com/rbelligit/go_evt_simul/evtmanager/qos_store.go:21.36,23.3 1 0
github.com/rbelligit/go_evt_simul/evtmanager/qos_store.go:24.2,24.38 1 0
github.com/rbelligit/go_evt_simul/evtmanager/qos_store.go:26.45,30.2 3 1
github.com/rbelligit/go_evt_simul/evtmanager/qos_store.go:31.43,35.2 3 1
github.com/rbelligit/go_evt_simul/evtmanager/qos_store.go:36.41,44.2 7 1
github.com/rbelligit/go_evt_simul/evtmanager/qos_store.go:67.100,68.23 1 1
github.com/rbelligit/go_evt_simul/evtmanager/qos_store.go:68.23,69.55 1 0
github.com/rbelligit/go_evt_simul/evtmanager/qos_store.go:72.2,73.24 2 1
github.com/rbelligit/go_evt_simul/evtmanager/qos_store.go:73.24,75.3 1 1
github.com/rbelligit/go_evt_simul/evtmanager/qos_store.go:77.2,93.10 4 1
github.com/rbelligit/go_evt_simul/evtmanager/qos_store.go:101.42,107.26 4 1
github.com/rbelligit/go_evt_simul/evtmanager/qos_store.go:107.26,108.27 1 1
github.com/rbelligit/go_evt_simul/evtmanager/qos_store.go:108.27,112.58 3 1
github.com/rbelligit/go_evt_simul/evtmanager/qos_store.go:112.58,115.5 2 1
github.com/rbelligit/go_evt_simul/evtmanager/qos_store.go:120.2,126.13 4 1
github.com/rbelligit/go_evt_simul/evtmanager/qos_store.go:130.61,131.47 1 1
github.com/rbelligit/go_evt_simul/evtmanager/qos_store.go:131.47,133.37 1 1
github.com/rbelligit/go_evt_simul/evtmanager/qos_store.go:133.37,135.4 1 1
github.com/rbelligit/go_evt_simul/evtmanager/qos_store.go:140.3,140.26 1 1
github.com/rbelligit/go_evt_simul/evtmanager/qos_store.go:140.26,146.4 5 1
github.com/rbelligit/go_evt_simul/evtmanager/qos_store.go:149.3,149.26 1 1
github.com/rbelligit/go_evt_simul/evtmanager/qos_store.go:149.26,154.4 4 1
github.com/rbelligit/go_evt_simul/evtmanager/qos_store.go:157.3,166.30 4 1
github.com/rbelligit/go_evt_simul/evtmanager/qos_store.go:171.56,172.47 1 1
github.com/rbelligit/go_evt_simul/evtmanager/qos_store.go:172.47,174.17 1 1
github.com/rbelligit/go_evt_simul/evtmanager/qos_store.go:174.17,180.27 3 1
github.com/rbelligit/go_evt_simul/evtmanager/qos_store.go:180.27,186.5 4 1
github.com/rbelligit/go_evt_simul/evtmanager/qos_store.go:188.4,189.10 2 1
github.com/rbelligit/go_evt_simul/evtmanager/qos_store.go:193.3,193.26 1 1
github.com/rbelligit/go_evt_simul/evtmanager/qos_store.go:193.26,199.4 5 0
github.com/rbelligit/go_evt_simul/evtmanager/qos_store.go:202.3,210.30 4 1
github.com/rbelligit/go_evt_simul/evtmanager/resources.go:22.59,25.2 2 1
github.com/rbelligit/go_evt_simul/evtmanager/resources.go:27.53,29.19 1 0
github.com/rbelligit/go_evt_simul/evtmanager/resources.go:29.19,31.3 1 0
github.com/rbelligit/go_evt_simul/evtmanager/resources.go:36.41,36.58 1 1
github.com/rbelligit/go_evt_simul/evtmanager/resources.go:38.51,39.36 1 1
github.com/rbelligit/go_evt_simul/evtmanager/resources.go:39.36,42.3 1 1
github.com/rbelligit/go_evt_simul/evtmanager/resources.go:43.2,43.38 1 1
github.com/rbelligit/go_evt_simul/evtmanager/resources.go:46.46,50.2 3 1
github.com/rbelligit/go_evt_simul/evtmanager/resources.go:52.44,54.2 1 1
github.com/rbelligit/go_evt_simul/evtmanager/resources.go:56.42,64.2 7 1
github.com/rbelligit/go_evt_simul/evtmanager/resources.go:75.76,86.2 3 1
github.com/rbelligit/go_evt_simul/evtmanager/resources.go:88.100,89.43 1 1
github.com/rbelligit/go_evt_simul/evtmanager/resources.go:89.43,92.3 2 1
github.com/rbelligit/go_evt_simul/evtmanager/resources.go:94.2,94.22 1 1
github.com/rbelligit/go_evt_simul/evtmanager/resources.go:94.22,96.3 1 1
github.com/rbelligit/go_evt_simul/evtmanager/resources.go:98.2,98.46 1 1
github.com/rbelligit/go_evt_simul/evtmanager/resources.go:98.46,110.3 3 1
github.com/rbelligit/go_evt_simul/evtmanager/resources.go:111.2,111.13 1 1
github.com/rbelligit/go_evt_simul/evtmanager/resources.go:114.59,118.12 3 1
github.com/rbelligit/go_evt_simul/evtmanager/resources.go:118.12,121.38 3 1
github.com/rbelligit/go_evt_simul/evtmanager/resources.go:121.38,125.4 3 1
github.com/rbelligit/go_evt_simul/evtmanager/store.go:18.37,18.54 1 1
github.com/rbelligit/go_evt_simul/evtmanager/store.go:20.47,21.36 1 0
github.com/rbelligit/go_evt_simul/evtmanager/store.go:21.36,23.3 1 0
github.com/rbelligit/go_evt_simul/evtmanager/store.go:24.2,24.38 1 0
github.com/rbelligit/go_evt_simul/evtmanager/store.go:27.42,31.2 3 1
github.com/rbelligit/go_evt_simul/evtmanager/store.go:33.40,37.2 3 1
github.com/rbelligit/go_evt_simul/evtmanager/store.go:39.38,47.2 7 1
github.com/rbelligit/go_evt_simul/evtmanager/store.go:62.79,75.2 4 1
github.com/rbelligit/go_evt_simul/evtmanager/store.go:78.50,79.47 1 1
github.com/rbelligit/go_evt_simul/evtmanager/store.go:79.47,81.26 1 1
github.com/rbelligit/go_evt_simul/evtmanager/store.go:81.26,87.4 5 1
github.com/rbelligit/go_evt_simul/evtmanager/store.go:90.3,90.39 1 1
github.com/rbelligit/go_evt_simul/evtmanager/store.go:90.39,94.4 3 1
github.com/rbelligit/go_evt_simul/evtmanager/store.go:97.3,105.30 4 1
github.com/rbelligit/go_evt_simul/evtmanager/store.go:109.30,111.2 1 0
github.com/rbelligit/go_evt_simul/evtmanager/store.go:115.53,116.47 1 1
github.com/rbelligit/go_evt_simul/evtmanager/store.go:116.47,118.23 1 1
github.com/rbelligit/go_evt_simul/evtmanager/store.go:118.23,123.27 3 1
github.com/rbelligit/go_evt_simul/evtmanager/store.go:123.27,127.5 3 1
github.com/rbelligit/go_evt_simul/evtmanager/store.go:129.4,130.10 2 1
github.com/rbelligit/go_evt_simul/evtmanager/store.go:134.3,134.26 1 1
github.com/rbelligit/go_evt_simul/evtmanager/store.go:134.26,140.4 5 1
github.com/rbelligit/go_evt_simul/evtmanager/store.go:143.3,151.30 4 1
github.com/rbelligit/go_evt_simul/evtmanager/types.go:30.40,32.2 1 0
github.com/rbelligit/go_evt_simul/evtmanager/types.go:57.50,58.33 1 0
github.com/rbelligit/go_evt_simul/evtmanager/types.go:58.33,60.3 1 0
github.com/rbelligit/go_evt_simul/evtmanager/types.go:63.2,70.13 5 0
github.com/rbelligit/go_evt_simul/evtmanager/types.go:73.44,76.2 1 0
github.com/rbelligit/go_evt_simul/evtmanager/waittime.go:12.40,13.47 1 1
github.com/rbelligit/go_evt_simul/evtmanager/waittime.go:13.47,16.22 3 1
github.com/rbelligit/go_evt_simul/evtmanager/waittime.go:16.22,18.4 1 0
github.com/rbelligit/go_evt_simul/evtmanager/waittime.go:18.9,20.4 1 1
